2023-12-19 21:38:20 INFO  Menu:60 - Login menu displayed
2023-12-19 21:38:23 INFO  Menu:72 - User burak logged in successfully
2023-12-19 21:38:24 INFO  Menu:60 - Login menu displayed
2023-12-19 21:38:32 WARN  Menu:75 - User a failed to log in
2023-12-19 21:38:32 INFO  Menu:60 - Login menu displayed
2023-12-19 21:49:42 INFO  Menu:60 - Login menu displayed
2023-12-19 21:49:45 INFO  Menu:72 - User burak logged in successfully
2023-12-19 21:49:54 INFO  Menu:60 - Login menu displayed
2023-12-19 21:49:59 INFO  Menu:72 - User burak logged in successfully
2023-12-19 21:50:02 INFO  StudentController:27 - Course added: YDA1001to student:Burak
2023-12-19 21:50:03 INFO  Menu:60 - Login menu displayed
2023-12-19 21:50:06 INFO  Menu:72 - User hakki logged in successfully
2023-12-19 21:50:08 INFO  StudentController:27 - Course added: NTE1008to student:Hakkı
2023-12-19 21:50:09 INFO  Menu:60 - Login menu displayed
2023-12-19 21:54:51 INFO  Menu:60 - Login menu displayed
2023-12-19 21:54:58 INFO  Menu:72 - User burak logged in successfully
2023-12-19 21:55:03 INFO  StudentController:39 - Course dropped: YDA1001 from student:Burak
2023-12-19 21:55:03 INFO  StudentController:39 - Course dropped: NTE1008 from student:Burak
2023-12-19 21:55:03 INFO  StudentController:39 - Course dropped: CSE2023 from student:Burak
2023-12-19 21:55:05 INFO  Menu:60 - Login menu displayed
2023-12-19 22:33:26 INFO  Menu:60 - Login menu displayed
2023-12-19 22:33:29 INFO  Menu:72 - User burak logged in successfully
2023-12-19 22:33:29 INFO  StudentMenu:28 - Student menu displayed
2023-12-19 22:33:31 INFO  StudentMenu:112 - Selected courses displayed
2023-12-19 22:33:34 INFO  StudentMenu:91 - Course dropping menu displayed
2023-12-19 22:33:34 INFO  StudentMenu:112 - Selected courses displayed
2023-12-19 22:33:36 INFO  StudentController:39 - Course dropped: YDA1001 from student:Burak
2023-12-19 22:33:36 INFO  StudentController:39 - Course dropped: NTE1008 from student:Burak
2023-12-19 22:33:36 INFO  StudentController:39 - Course dropped: CSE2023 from student:Burak
2023-12-19 22:33:37 INFO  StudentMenu:112 - Selected courses displayed
2023-12-19 22:33:41 INFO  Menu:60 - Login menu displayed
2023-12-19 22:34:07 INFO  Menu:60 - Login menu displayed
2023-12-19 22:34:10 INFO  Menu:72 - User efe logged in successfully
2023-12-19 22:34:10 INFO  StudentMenu:28 - Student menu displayed
2023-12-19 22:34:11 INFO  StudentMenu:112 - Selected courses displayed
2023-12-19 22:34:14 INFO  StudentMenu:70 - Course adding menu displayed
2023-12-19 22:34:14 INFO  StudentMenu:127 - Available courses displayed
2023-12-19 22:34:17 INFO  StudentController:28 - Course added: CSE2023 to student:Efe
2023-12-19 22:34:17 INFO  StudentController:28 - Course added: NTE1008 to student:Efe
2023-12-19 22:34:17 INFO  StudentController:28 - Course added: YDA1001 to student:Efe
2023-12-19 22:34:25 INFO  Menu:60 - Login menu displayed
2023-12-19 22:44:18 INFO  Menu:60 - Login menu displayed
2023-12-19 22:44:54 INFO  Menu:60 - Login menu displayed
2023-12-19 22:44:57 INFO  Menu:72 - User burak logged in successfully
2023-12-19 22:44:57 INFO  StudentMenu:28 - Student menu displayed
2023-12-19 22:44:59 INFO  Menu:60 - Login menu displayed
2023-12-19 23:13:48 INFO  Menu:60 - Login menu displayed
2023-12-19 23:13:51 INFO  Menu:72 - User efe logged in successfully
2023-12-19 23:13:51 INFO  StudentMenu:28 - Student menu displayed
2023-12-19 23:13:53 INFO  StudentMenu:70 - Course adding menu displayed
2023-12-19 23:13:53 INFO  StudentMenu:127 - Available courses displayed
2023-12-19 23:13:57 INFO  StudentController:28 - Course added: CSE2023 to student:Efe
2023-12-19 23:13:57 INFO  StudentController:28 - Course added: CSE2225 to student:Efe
2023-12-19 23:13:57 INFO  StudentController:28 - Course added: ECON2004 to student:Efe
2023-12-19 23:13:57 INFO  StudentController:28 - Course added: MATH2055 to student:Efe
2023-12-19 23:13:57 INFO  StudentController:28 - Course added: MATH2059 to student:Efe
2023-12-19 23:13:57 INFO  StudentController:28 - Course added: CSE2138 to student:Efe
2023-12-19 23:13:57 INFO  StudentController:28 - Course added: CSE2260 to student:Efe
2023-12-19 23:13:57 INFO  StudentController:28 - Course added: STAT2253 to student:Efe
2023-12-19 23:13:57 INFO  StudentController:28 - Course added: CSE3063 to student:Efe
2023-12-19 23:13:57 INFO  StudentController:28 - Course added: CSE3215 to student:Efe
2023-12-19 23:13:57 INFO  StudentController:28 - Course added: BUS1003 to student:Efe
2023-12-19 23:13:57 INFO  StudentController:28 - Course added: BUS1003 to student:Efe
2023-12-19 23:13:57 INFO  StudentController:28 - Course added: BUS1004 to student:Efe
2023-12-19 23:13:57 INFO  StudentController:28 - Course added: BUS2005 to student:Efe
2023-12-19 23:13:57 INFO  StudentController:28 - Course added: BUS2005 to student:Efe
2023-12-19 23:13:57 INFO  StudentController:28 - Course added: CAS1001 to student:Efe
2023-12-19 23:13:57 INFO  StudentController:28 - Course added: CAS1010 to student:Efe
2023-12-19 23:13:57 INFO  StudentController:28 - Course added: CAS1061 to student:Efe
2023-12-19 23:13:57 INFO  StudentController:28 - Course added: CAS2001 to student:Efe
2023-12-19 23:13:57 INFO  StudentController:28 - Course added: CAS2001 to student:Efe
2023-12-19 23:13:57 INFO  StudentController:28 - Course added: CAS2002 to student:Efe
2023-12-19 23:13:57 INFO  StudentController:28 - Course added: CAS2003 to student:Efe
2023-12-19 23:13:57 INFO  StudentController:28 - Course added: CAS2004 to student:Efe
2023-12-19 23:13:57 INFO  StudentController:28 - Course added: CAS2005 to student:Efe
2023-12-19 23:13:57 INFO  StudentController:28 - Course added: CAS3001 to student:Efe
2023-12-19 23:13:57 INFO  StudentController:28 - Course added: CAS3044 to student:Efe
2023-12-19 23:13:57 INFO  StudentController:28 - Course added: COMM2060 to student:Efe
2023-12-19 23:13:57 INFO  StudentController:28 - Course added: FNCE3003 to student:Efe
2023-12-19 23:13:57 INFO  StudentController:28 - Course added: HR1013 to student:Efe
2023-12-19 23:13:57 INFO  StudentController:28 - Course added: HR4001 to student:Efe
2023-12-19 23:13:57 INFO  StudentController:28 - Course added: HSS3002 to student:Efe
2023-12-19 23:13:57 INFO  StudentController:28 - Course added: IKT1054 to student:Efe
2023-12-19 23:13:57 INFO  StudentController:28 - Course added: INF1001 to student:Efe
2023-12-19 23:13:57 INFO  StudentController:28 - Course added: LAW2004 to student:Efe
2023-12-19 23:13:57 INFO  StudentController:28 - Course added: MAN1001 to student:Efe
2023-12-19 23:13:57 INFO  StudentController:28 - Course added: MGT1021 to student:Efe
2023-12-19 23:13:57 INFO  StudentController:28 - Course added: MGT3082 to student:Efe
2023-12-19 23:13:57 INFO  StudentController:28 - Course added: MRK3082 to student:Efe
2023-12-19 23:13:57 INFO  StudentController:28 - Course added: MRK3084 to student:Efe
2023-12-19 23:13:57 INFO  StudentController:28 - Course added: NTE1002 to student:Efe
2023-12-19 23:13:57 INFO  StudentController:28 - Course added: NTE1003 to student:Efe
2023-12-19 23:13:57 INFO  StudentController:28 - Course added: NTE1004 to student:Efe
2023-12-19 23:13:57 INFO  StudentController:28 - Course added: NTE1006 to student:Efe
2023-12-19 23:13:57 INFO  StudentController:28 - Course added: NTE1008 to student:Efe
2023-12-19 23:13:57 INFO  StudentController:28 - Course added: NTE1010 to student:Efe
2023-12-19 23:13:57 INFO  StudentController:28 - Course added: NTE1011 to student:Efe
2023-12-19 23:13:57 INFO  StudentController:28 - Course added: NTE1012 to student:Efe
2023-12-19 23:13:57 INFO  StudentController:28 - Course added: NTE1013 to student:Efe
2023-12-19 23:13:57 INFO  StudentController:28 - Course added: NTE1014 to student:Efe
2023-12-19 23:13:57 INFO  StudentController:28 - Course added: NTE1015 to student:Efe
2023-12-19 23:13:57 INFO  StudentController:28 - Course added: NTE1016 to student:Efe
2023-12-19 23:13:57 INFO  StudentController:28 - Course added: OB2040 to student:Efe
2023-12-19 23:13:57 INFO  StudentController:28 - Course added: OB2041 to student:Efe
2023-12-19 23:13:57 INFO  StudentController:28 - Course added: OB3043 to student:Efe
2023-12-19 23:13:57 INFO  StudentController:28 - Course added: SOC3082 to student:Efe
2023-12-19 23:13:57 INFO  StudentController:28 - Course added: YDA1001 to student:Efe
2023-12-19 23:13:57 INFO  StudentController:28 - Course added: YDA1002 to student:Efe
2023-12-19 23:13:57 INFO  StudentController:28 - Course added: YDA1003 to student:Efe
2023-12-19 23:13:57 INFO  StudentController:28 - Course added: YDA2001 to student:Efe
2023-12-19 23:13:57 INFO  StudentController:28 - Course added: YDF1001 to student:Efe
2023-12-19 23:13:57 INFO  StudentController:28 - Course added: YDF1002 to student:Efe
2023-12-19 23:13:57 INFO  StudentController:28 - Course added: YDI1004 to student:Efe
2023-12-19 23:13:57 INFO  StudentController:28 - Course added: YDIS1001 to student:Efe
2023-12-19 23:13:57 INFO  StudentController:28 - Course added: YDIS1002 to student:Efe
2023-12-19 23:13:59 INFO  StudentMenu:70 - Course adding menu displayed
2023-12-19 23:13:59 INFO  StudentMenu:127 - Available courses displayed
2023-12-19 23:14:03 INFO  StudentMenu:112 - Selected courses displayed
2023-12-19 23:14:06 INFO  Menu:60 - Login menu displayed
2023-12-19 23:14:12 INFO  Menu:72 - User fatmacorut logged in successfully
2023-12-19 23:14:23 INFO  Menu:60 - Login menu displayed
2023-12-19 23:14:30 INFO  Menu:72 - User fatmacorut logged in successfully
2023-12-19 23:16:43 INFO  Menu:62 - Login menu displayed
2023-12-19 23:16:49 INFO  Menu:74 - User fatmacorut logged in successfully

2023-12-20 00:19:03 INFO  Menu:62 - Login menu displayed
2023-12-20 00:19:12 INFO  Menu:74 - User fatmacorut logged in successfully
2023-12-20 00:19:31 INFO  Menu:62 - Login menu displayed
2023-12-20 00:19:39 INFO  Menu:74 - User hakki logged in successfully
2023-12-20 00:19:39 INFO  StudentMenu:28 - Student menu displayed
2023-12-20 00:19:44 INFO  StudentMenu:91 - Course dropping menu displayed
2023-12-20 00:19:44 INFO  StudentMenu:112 - Selected courses displayed
2023-12-20 00:21:06 INFO  Menu:62 - Login menu displayed
2023-12-20 00:21:11 INFO  Menu:74 - User hakki logged in successfully
2023-12-20 00:21:11 INFO  StudentMenu:28 - Student menu displayed
2023-12-20 00:21:41 INFO  StudentMenu:112 - Selected courses displayed
2023-12-20 00:21:44 INFO  Menu:62 - Login menu displayed
2023-12-20 00:21:50 INFO  Menu:74 - User fatmacorut logged in successfully
2023-12-20 00:22:01 INFO  Menu:62 - Login menu displayed
2023-12-20 00:29:09 INFO  Menu:62 - Login menu displayed
2023-12-20 00:29:17 INFO  Menu:74 - User fatmacorut logged in successfully
2023-12-20 00:29:20 INFO  Menu:62 - Login menu displayed
2023-12-20 00:31:47 INFO  Menu:62 - Login menu displayed
2023-12-20 00:31:54 INFO  Menu:74 - User fatmacorut logged in successfully
2023-12-20 00:32:05 INFO  Menu:62 - Login menu displayed
2023-12-20 00:32:09 INFO  Menu:74 - User hakki logged in successfully
2023-12-20 00:32:09 INFO  StudentMenu:28 - Student menu displayed
2023-12-20 00:32:10 INFO  StudentMenu:70 - Course adding menu displayed
2023-12-20 00:32:10 INFO  StudentMenu:127 - Available courses displayed
2023-12-20 00:32:32 INFO  StudentMenu:142 - Transcript displayed
2023-12-20 00:32:34 INFO  StudentMenu:112 - Selected courses displayed
2023-12-20 00:32:37 INFO  StudentMenu:91 - Course dropping menu displayed
2023-12-20 00:32:37 INFO  StudentMenu:112 - Selected courses displayed
2023-12-20 00:32:41 INFO  Menu:62 - Login menu displayed
2023-12-20 01:04:17 INFO  Menu:62 - Login menu displayed
2023-12-20 01:04:21 INFO  Menu:74 - User burak logged in successfully
2023-12-20 01:04:21 INFO  StudentMenu:28 - Student menu displayed
2023-12-20 01:04:26 INFO  StudentMenu:116 - Selected courses displayed
2023-12-20 01:06:19 INFO  Menu:62 - Login menu displayed
2023-12-20 01:06:21 INFO  Menu:74 - User burak logged in successfully
2023-12-20 01:06:21 INFO  StudentMenu:28 - Student menu displayed
2023-12-20 01:06:24 INFO  StudentMenu:116 - Selected courses displayed
2023-12-20 01:08:05 INFO  StudentMenu:146 - Transcript displayed
2023-12-20 01:08:07 INFO  StudentMenu:116 - Selected courses displayed
2023-12-20 01:08:12 INFO  StudentMenu:156 - Approval request sent
2023-12-20 01:08:12 INFO  StudentController:108 - Approval request sent to advisor for student:Burak
2023-12-20 01:08:12 ERROR StudentController:111 - Error occured while sending approval request to advisor for student:Burak
2023-12-20 01:09:32 INFO  Menu:62 - Login menu displayed
2023-12-20 01:09:36 INFO  Menu:74 - User burak logged in successfully
2023-12-20 01:09:36 INFO  StudentMenu:28 - Student menu displayed
2023-12-20 01:09:39 INFO  StudentMenu:116 - Selected courses displayed
2023-12-20 01:09:42 INFO  StudentMenu:156 - Approval request sent
2023-12-20 01:09:42 INFO  StudentController:108 - Approval request sent to advisor for student:Burak
2023-12-20 01:11:23 INFO  Menu:62 - Login menu displayed
2023-12-20 01:11:26 INFO  Menu:74 - User burak logged in successfully
2023-12-20 01:11:26 INFO  StudentMenu:28 - Student menu displayed
2023-12-20 01:11:29 INFO  StudentMenu:146 - Transcript displayed
2023-12-20 01:11:33 INFO  StudentMenu:156 - Approval request sent
2023-12-20 01:11:33 INFO  StudentController:108 - Approval request sent to advisor for student:Burak
2023-12-20 01:13:24 INFO  Menu:62 - Login menu displayed
2023-12-20 01:13:26 INFO  Menu:74 - User burak logged in successfully
2023-12-20 01:13:26 INFO  StudentMenu:28 - Student menu displayed
2023-12-20 01:13:28 INFO  StudentMenu:116 - Selected courses displayed
2023-12-20 01:14:01 INFO  Menu:62 - Login menu displayed
2023-12-20 01:14:06 INFO  Menu:74 - User burak logged in successfully
2023-12-20 01:14:06 INFO  StudentMenu:28 - Student menu displayed
2023-12-20 01:14:09 INFO  StudentMenu:116 - Selected courses displayed
2023-12-20 01:14:49 INFO  StudentMenu:156 - Approval request sent
2023-12-20 01:14:49 INFO  StudentController:108 - Approval request sent to advisor for student:Burak
2023-12-20 01:15:34 INFO  Menu:62 - Login menu displayed
2023-12-20 01:15:37 INFO  Menu:74 - User burak logged in successfully
2023-12-20 01:15:37 INFO  StudentMenu:28 - Student menu displayed
2023-12-20 01:15:39 INFO  StudentMenu:156 - Approval request sent
2023-12-20 01:15:39 INFO  StudentController:108 - Approval request sent to advisor for student:Burak
2023-12-20 01:15:46 INFO  StudentMenu:156 - Approval request sent
2023-12-20 01:15:46 INFO  StudentController:108 - Approval request sent to advisor for student:Burak
2023-12-20 01:17:11 INFO  Menu:62 - Login menu displayed
2023-12-20 01:17:14 INFO  Menu:74 - User burak logged in successfully
2023-12-20 01:17:14 INFO  StudentMenu:28 - Student menu displayed
2023-12-20 01:17:16 INFO  StudentMenu:116 - Selected courses displayed
2023-12-20 01:17:17 INFO  StudentMenu:95 - Course dropping menu displayed
2023-12-20 01:17:17 INFO  StudentMenu:116 - Selected courses displayed
2023-12-20 01:17:18 INFO  StudentController:39 - Course dropped: YDA1001 from student:Burak
2023-12-20 01:17:18 INFO  StudentController:39 - Course dropped: NTE1008 from student:Burak
2023-12-20 01:17:18 INFO  StudentController:39 - Course dropped: CSE2023 from student:Burak
2023-12-20 01:17:19 INFO  StudentMenu:116 - Selected courses displayed
2023-12-20 01:17:24 INFO  StudentMenu:95 - Course dropping menu displayed
2023-12-20 01:17:24 INFO  StudentMenu:116 - Selected courses displayed
2023-12-20 01:17:27 INFO  StudentController:39 - Course dropped: YDA1001 from student:Burak
2023-12-20 01:17:27 INFO  StudentController:39 - Course dropped: NTE1008 from student:Burak
2023-12-20 01:17:27 INFO  StudentController:39 - Course dropped: CSE2023 from student:Burak
2023-12-20 01:18:29 INFO  StudentMenu:146 - Transcript displayed
2023-12-20 01:18:32 INFO  StudentMenu:116 - Selected courses displayed
2023-12-20 01:18:42 INFO  StudentMenu:74 - Course adding menu displayed
2023-12-20 01:18:42 INFO  StudentMenu:131 - Available courses displayed
2023-12-20 01:19:43 INFO  StudentMenu:74 - Course adding menu displayed
2023-12-20 01:19:43 INFO  StudentMenu:131 - Available courses displayed
2023-12-20 01:19:49 INFO  StudentMenu:74 - Course adding menu displayed
2023-12-20 01:19:49 INFO  StudentMenu:131 - Available courses displayed
2023-12-20 01:19:56 INFO  StudentMenu:95 - Course dropping menu displayed
2023-12-20 01:19:56 INFO  StudentMenu:116 - Selected courses displayed
2023-12-20 01:19:58 INFO  StudentController:39 - Course dropped: YDA1001 from student:Burak
2023-12-20 01:19:58 INFO  StudentController:39 - Course dropped: NTE1008 from student:Burak
2023-12-20 01:19:58 INFO  StudentController:39 - Course dropped: CSE2023 from student:Burak
2023-12-20 01:20:31 INFO  StudentMenu:146 - Transcript displayed
2023-12-20 01:20:33 INFO  StudentMenu:116 - Selected courses displayed
2023-12-20 01:20:39 INFO  StudentMenu:156 - Approval request sent
2023-12-20 01:20:39 INFO  StudentController:108 - Approval request sent to advisor for student:Burak
2023-12-20 01:20:44 INFO  Menu:62 - Login menu displayed
2023-12-20 01:20:51 INFO  Menu:74 - User burak logged in successfully

2023-12-20 12:59:43 INFO  Menu:62 - Login menu displayed
2023-12-20 12:59:50 INFO  Menu:74 - User hakki logged in successfully
2023-12-20 12:59:50 INFO  StudentMenu:28 - Student menu displayed
2023-12-20 12:59:51 INFO  StudentMenu:74 - Course adding menu displayed
2023-12-20 12:59:51 INFO  StudentMenu:131 - Available courses displayed
2023-12-20 12:59:55 INFO  StudentController:28 - Course added: CSE2023 to student:Hakkı
2023-12-20 12:59:56 INFO  StudentController:28 - Course added: CSE2225 to student:Hakkı
2023-12-20 12:59:56 INFO  StudentController:28 - Course added: ECON2004 to student:Hakkı
2023-12-20 12:59:56 INFO  StudentController:28 - Course added: MATH2055 to student:Hakkı
2023-12-20 12:59:56 INFO  StudentController:28 - Course added: MATH2059 to student:Hakkı
2023-12-20 12:59:56 INFO  StudentController:28 - Course added: CSE2138 to student:Hakkı
2023-12-20 12:59:56 INFO  StudentController:28 - Course added: CSE2260 to student:Hakkı
2023-12-20 12:59:56 INFO  StudentController:28 - Course added: STAT2253 to student:Hakkı
2023-12-20 12:59:56 INFO  StudentController:28 - Course added: CSE3063 to student:Hakkı
2023-12-20 12:59:56 INFO  StudentController:28 - Course added: CSE3215 to student:Hakkı
2023-12-20 12:59:56 INFO  StudentController:28 - Course added: BUS1003 to student:Hakkı
2023-12-20 12:59:56 INFO  StudentController:28 - Course added: BUS1003 to student:Hakkı
2023-12-20 12:59:57 INFO  StudentController:28 - Course added: BUS1004 to student:Hakkı
2023-12-20 12:59:57 INFO  StudentController:28 - Course added: BUS2005 to student:Hakkı
2023-12-20 12:59:57 INFO  StudentController:28 - Course added: BUS2005 to student:Hakkı
2023-12-20 12:59:57 INFO  StudentController:28 - Course added: CAS1001 to student:Hakkı
2023-12-20 12:59:57 INFO  StudentController:28 - Course added: CAS1010 to student:Hakkı
2023-12-20 12:59:57 INFO  StudentController:28 - Course added: CAS1061 to student:Hakkı
2023-12-20 12:59:57 INFO  StudentController:28 - Course added: CAS2001 to student:Hakkı
2023-12-20 12:59:57 INFO  StudentController:28 - Course added: CAS2001 to student:Hakkı
2023-12-20 12:59:57 INFO  StudentController:28 - Course added: CAS2002 to student:Hakkı
2023-12-20 12:59:57 INFO  StudentController:28 - Course added: CAS2003 to student:Hakkı
2023-12-20 12:59:57 INFO  StudentController:28 - Course added: CAS2004 to student:Hakkı
2023-12-20 12:59:57 INFO  StudentController:28 - Course added: CAS2005 to student:Hakkı
2023-12-20 12:59:57 INFO  StudentController:28 - Course added: CAS3001 to student:Hakkı
2023-12-20 12:59:58 INFO  StudentController:28 - Course added: CAS3044 to student:Hakkı
2023-12-20 12:59:58 INFO  StudentController:28 - Course added: COMM2060 to student:Hakkı
2023-12-20 12:59:58 INFO  StudentController:28 - Course added: FNCE3003 to student:Hakkı
2023-12-20 12:59:58 INFO  StudentController:28 - Course added: HR1013 to student:Hakkı
2023-12-20 12:59:58 INFO  StudentController:28 - Course added: HR4001 to student:Hakkı
2023-12-20 12:59:58 INFO  StudentController:28 - Course added: HSS3002 to student:Hakkı
2023-12-20 12:59:58 INFO  StudentController:28 - Course added: IKT1054 to student:Hakkı
2023-12-20 12:59:58 INFO  StudentController:28 - Course added: INF1001 to student:Hakkı
2023-12-20 12:59:58 INFO  StudentController:28 - Course added: LAW2004 to student:Hakkı
2023-12-20 12:59:58 INFO  StudentController:28 - Course added: MAN1001 to student:Hakkı
2023-12-20 12:59:58 INFO  StudentController:28 - Course added: MGT1021 to student:Hakkı
2023-12-20 12:59:58 INFO  StudentController:28 - Course added: MGT3082 to student:Hakkı
2023-12-20 12:59:59 INFO  StudentController:28 - Course added: MRK3082 to student:Hakkı
2023-12-20 12:59:59 INFO  StudentController:28 - Course added: MRK3084 to student:Hakkı
2023-12-20 12:59:59 INFO  StudentController:28 - Course added: NTE1002 to student:Hakkı
2023-12-20 12:59:59 INFO  StudentController:28 - Course added: NTE1003 to student:Hakkı
2023-12-20 12:59:59 INFO  StudentController:28 - Course added: NTE1004 to student:Hakkı
2023-12-20 12:59:59 INFO  StudentController:28 - Course added: NTE1006 to student:Hakkı
2023-12-20 12:59:59 INFO  StudentController:28 - Course added: NTE1008 to student:Hakkı
2023-12-20 12:59:59 INFO  StudentController:28 - Course added: NTE1010 to student:Hakkı
2023-12-20 12:59:59 INFO  StudentController:28 - Course added: NTE1011 to student:Hakkı
2023-12-20 12:59:59 INFO  StudentController:28 - Course added: NTE1012 to student:Hakkı
2023-12-20 12:59:59 INFO  StudentController:28 - Course added: NTE1013 to student:Hakkı
2023-12-20 12:59:59 INFO  StudentController:28 - Course added: NTE1014 to student:Hakkı
2023-12-20 12:59:59 INFO  StudentController:28 - Course added: NTE1015 to student:Hakkı
2023-12-20 12:59:59 INFO  StudentController:28 - Course added: NTE1016 to student:Hakkı
2023-12-20 13:00:00 INFO  StudentController:28 - Course added: OB2040 to student:Hakkı
2023-12-20 13:00:00 INFO  StudentController:28 - Course added: OB2041 to student:Hakkı
2023-12-20 13:00:00 INFO  StudentController:28 - Course added: OB3043 to student:Hakkı
2023-12-20 13:00:00 INFO  StudentController:28 - Course added: SOC3082 to student:Hakkı
2023-12-20 13:00:00 INFO  StudentController:28 - Course added: YDA1001 to student:Hakkı
2023-12-20 13:00:00 INFO  StudentController:28 - Course added: YDA1002 to student:Hakkı
2023-12-20 13:00:00 INFO  StudentController:28 - Course added: YDA1003 to student:Hakkı
2023-12-20 13:00:00 INFO  StudentController:28 - Course added: YDA2001 to student:Hakkı
2023-12-20 13:00:00 INFO  StudentController:28 - Course added: YDF1001 to student:Hakkı
2023-12-20 13:00:00 INFO  StudentController:28 - Course added: YDIS1001 to student:Hakkı
2023-12-20 13:00:00 INFO  StudentController:28 - Course added: YDIS1002 to student:Hakkı
2023-12-20 13:00:04 INFO  StudentMenu:116 - Selected courses displayed
2023-12-20 13:00:08 INFO  StudentMenu:156 - Approval request sent
2023-12-20 13:00:08 INFO  StudentController:108 - Approval request sent to advisor for student:Hakkı
2023-12-20 13:00:10 INFO  StudentMenu:74 - Course adding menu displayed
2023-12-20 13:00:10 INFO  StudentMenu:131 - Available courses displayed
2023-12-20 13:00:12 INFO  StudentMenu:116 - Selected courses displayed
2023-12-20 13:00:15 INFO  Menu:62 - Login menu displayed
2023-12-20 13:00:18 INFO  Menu:74 - User fatmacorut logged in successfully
2023-12-20 13:04:52 INFO  Menu:62 - Login menu displayed
2023-12-20 13:05:08 INFO  Menu:62 - Login menu displayed
2023-12-20 13:05:13 INFO  Menu:74 - User hakki logged in successfully
2023-12-20 13:05:13 INFO  StudentMenu:28 - Student menu displayed
2023-12-20 13:05:14 INFO  StudentMenu:74 - Course adding menu displayed
2023-12-20 13:05:14 INFO  StudentMenu:131 - Available courses displayed
2023-12-20 13:05:17 INFO  StudentMenu:116 - Selected courses displayed
2023-12-20 13:05:18 INFO  StudentMenu:156 - Approval request sent
2023-12-20 13:05:18 INFO  StudentController:108 - Approval request sent to advisor for student:Hakkı
2023-12-20 13:05:19 INFO  Menu:62 - Login menu displayed
2023-12-20 13:05:22 INFO  Menu:74 - User fatmacorut logged in successfully
2023-12-20 13:08:42 INFO  Menu:62 - Login menu displayed
2023-12-20 13:08:45 INFO  Menu:74 - User hakki logged in successfully
2023-12-20 13:08:45 INFO  StudentMenu:28 - Student menu displayed
2023-12-20 13:08:46 INFO  StudentMenu:74 - Course adding menu displayed
2023-12-20 13:08:46 INFO  StudentMenu:131 - Available courses displayed
2023-12-20 13:08:52 INFO  StudentMenu:116 - Selected courses displayed
2023-12-20 13:08:53 INFO  StudentMenu:156 - Approval request sent
2023-12-20 13:08:53 INFO  StudentController:108 - Approval request sent to advisor for student:Hakkı
2023-12-20 13:08:54 INFO  Menu:62 - Login menu displayed
2023-12-20 13:08:57 INFO  Menu:74 - User fatmacorut logged in successfully
2023-12-20 13:09:29 INFO  Menu:62 - Login menu displayed
2023-12-20 13:10:24 INFO  Menu:74 - User fatmacorut logged in successfully
2023-12-20 13:14:29 INFO  Menu:62 - Login menu displayed
2023-12-20 13:14:33 INFO  Menu:74 - User hakki logged in successfully
2023-12-20 13:14:33 INFO  StudentMenu:28 - Student menu displayed
2023-12-20 13:14:34 INFO  StudentMenu:74 - Course adding menu displayed
2023-12-20 13:14:34 INFO  StudentMenu:131 - Available courses displayed
2023-12-20 13:14:39 INFO  StudentMenu:116 - Selected courses displayed
2023-12-20 13:14:41 INFO  StudentMenu:156 - Approval request sent
2023-12-20 13:14:41 INFO  StudentController:108 - Approval request sent to advisor for student:Hakkı
2023-12-20 13:14:42 INFO  Menu:62 - Login menu displayed
2023-12-20 13:14:46 INFO  Menu:74 - User fatmacorut logged in successfully
2023-12-20 13:14:51 INFO  Menu:62 - Login menu displayed
2023-12-20 13:15:28 INFO  Menu:74 - User fatmacorut logged in successfully
2023-12-20 13:19:59 INFO  Menu:62 - Login menu displayed
2023-12-20 13:20:04 INFO  Menu:74 - User fatmacorut logged in successfully
2023-12-20 13:20:08 INFO  Menu:62 - Login menu displayed
2023-12-20 13:20:13 INFO  Menu:74 - User fatmacorut logged in successfully
2023-12-20 13:21:21 INFO  Menu:62 - Login menu displayed
2023-12-20 13:21:27 WARN  Menu:77 - User fatmacorut failed to log in with username fatmacorut and password fatmacorutergi
2023-12-20 13:21:27 INFO  Menu:62 - Login menu displayed
2023-12-20 13:21:32 INFO  Menu:74 - User fatmacorut logged in successfully
2023-12-20 13:21:37 INFO  Menu:62 - Login menu displayed
2023-12-20 13:22:18 INFO  Menu:62 - Login menu displayed
2023-12-20 13:22:24 INFO  Menu:74 - User fatmacorut logged in successfully
2023-12-20 13:22:27 INFO  Menu:62 - Login menu displayed
2023-12-20 13:23:00 INFO  Menu:62 - Login menu displayed
2023-12-20 13:23:06 INFO  Menu:74 - User fatmacorut logged in successfully
2023-12-20 13:25:27 INFO  Menu:62 - Login menu displayed
2023-12-20 13:25:32 INFO  Menu:74 - User fatmacorut logged in successfully
2023-12-20 13:25:52 INFO  Menu:62 - Login menu displayed
2023-12-20 13:26:55 INFO  Menu:62 - Login menu displayed
2023-12-20 13:26:59 INFO  Menu:74 - User fatmacorut logged in successfully
2023-12-20 13:27:09 INFO  Menu:62 - Login menu displayed
2023-12-20 13:28:25 INFO  Menu:62 - Login menu displayed
2023-12-20 13:28:30 INFO  Menu:74 - User fatmacorut logged in successfully
2023-12-20 13:28:34 INFO  Menu:62 - Login menu displayed
2023-12-20 13:29:07 INFO  Menu:74 - User fatmacorut logged in successfully
2023-12-20 13:29:54 INFO  Menu:62 - Login menu displayed
2023-12-20 13:29:58 WARN  Menu:77 - User fatmacorut failed to log in with username fatmacorut and password fatmacorutergi
2023-12-20 13:29:58 INFO  Menu:62 - Login menu displayed
2023-12-20 13:30:03 INFO  Menu:74 - User fatmacorut logged in successfully
2023-12-20 13:36:09 INFO  Menu:62 - Login menu displayed
2023-12-20 13:36:14 INFO  Menu:74 - User fatmacorut logged in successfully
2023-12-20 13:36:16 INFO  Menu:62 - Login menu displayed
2023-12-20 13:37:57 INFO  Menu:62 - Login menu displayed
2023-12-20 13:38:01 INFO  Menu:74 - User fatmacorut logged in successfully
2023-12-20 13:38:06 INFO  Menu:62 - Login menu displayed
2023-12-20 13:38:13 INFO  Menu:74 - User fatmacorut logged in successfully
2023-12-20 13:38:22 INFO  Menu:62 - Login menu displayed
2023-12-20 13:38:36 INFO  Menu:74 - User hakki logged in successfully
2023-12-20 13:38:36 INFO  StudentMenu:28 - Student menu displayed
2023-12-20 13:38:37 INFO  StudentMenu:74 - Course adding menu displayed
2023-12-20 13:38:37 INFO  StudentMenu:131 - Available courses displayed
2023-12-20 13:38:43 INFO  StudentController:28 - Course added: ECON2004 to student:Hakkı
2023-12-20 13:38:43 INFO  StudentController:28 - Course added: MATH2055 to student:Hakkı
2023-12-20 13:38:43 INFO  StudentController:28 - Course added: MATH2059 to student:Hakkı
2023-12-20 13:38:44 INFO  StudentController:28 - Course added: STAT2253 to student:Hakkı
2023-12-20 13:38:44 INFO  StudentController:28 - Course added: CSE3063 to student:Hakkı
2023-12-20 13:38:44 INFO  StudentController:28 - Course added: CSE3215 to student:Hakkı
2023-12-20 13:38:44 INFO  StudentController:28 - Course added: BUS1003 to student:Hakkı
2023-12-20 13:38:44 INFO  StudentController:28 - Course added: BUS1003 to student:Hakkı
2023-12-20 13:38:44 INFO  StudentController:28 - Course added: BUS1004 to student:Hakkı
2023-12-20 13:38:44 INFO  StudentController:28 - Course added: BUS2005 to student:Hakkı
2023-12-20 13:38:44 INFO  StudentController:28 - Course added: BUS2005 to student:Hakkı
2023-12-20 13:38:44 INFO  StudentController:28 - Course added: CAS1001 to student:Hakkı
2023-12-20 13:38:44 INFO  StudentController:28 - Course added: CAS1010 to student:Hakkı
2023-12-20 13:38:44 INFO  StudentController:28 - Course added: CAS1061 to student:Hakkı
2023-12-20 13:38:44 INFO  StudentController:28 - Course added: CAS2001 to student:Hakkı
2023-12-20 13:38:45 INFO  StudentController:28 - Course added: CAS2001 to student:Hakkı
2023-12-20 13:38:45 INFO  StudentController:28 - Course added: CAS2002 to student:Hakkı
2023-12-20 13:38:45 INFO  StudentController:28 - Course added: CAS2003 to student:Hakkı
2023-12-20 13:38:45 INFO  StudentController:28 - Course added: CAS2004 to student:Hakkı
2023-12-20 13:38:45 INFO  StudentController:28 - Course added: CAS2005 to student:Hakkı
2023-12-20 13:38:45 INFO  StudentController:28 - Course added: CAS3001 to student:Hakkı
2023-12-20 13:38:45 INFO  StudentController:28 - Course added: CAS3044 to student:Hakkı
2023-12-20 13:38:45 INFO  StudentController:28 - Course added: COMM2060 to student:Hakkı
2023-12-20 13:38:45 INFO  StudentController:28 - Course added: FNCE3003 to student:Hakkı
2023-12-20 13:38:45 INFO  StudentController:28 - Course added: HR1013 to student:Hakkı
2023-12-20 13:38:45 INFO  StudentController:28 - Course added: HR4001 to student:Hakkı
2023-12-20 13:38:45 INFO  StudentController:28 - Course added: HSS3002 to student:Hakkı
2023-12-20 13:38:45 INFO  StudentController:28 - Course added: IKT1054 to student:Hakkı
2023-12-20 13:38:46 INFO  StudentController:28 - Course added: INF1001 to student:Hakkı
2023-12-20 13:38:46 INFO  StudentController:28 - Course added: LAW2004 to student:Hakkı
2023-12-20 13:38:46 INFO  StudentController:28 - Course added: MAN1001 to student:Hakkı
2023-12-20 13:38:46 INFO  StudentController:28 - Course added: MGT1021 to student:Hakkı
2023-12-20 13:38:46 INFO  StudentController:28 - Course added: MGT3082 to student:Hakkı
2023-12-20 13:38:46 INFO  StudentController:28 - Course added: MRK3082 to student:Hakkı
2023-12-20 13:38:46 INFO  StudentController:28 - Course added: MRK3084 to student:Hakkı
2023-12-20 13:38:46 INFO  StudentController:28 - Course added: NTE1002 to student:Hakkı
2023-12-20 13:38:46 INFO  StudentController:28 - Course added: NTE1003 to student:Hakkı
2023-12-20 13:38:46 INFO  StudentController:28 - Course added: NTE1004 to student:Hakkı
2023-12-20 13:38:46 INFO  StudentController:28 - Course added: NTE1006 to student:Hakkı
2023-12-20 13:38:46 INFO  StudentController:28 - Course added: NTE1008 to student:Hakkı
2023-12-20 13:38:46 INFO  StudentController:28 - Course added: NTE1010 to student:Hakkı
2023-12-20 13:38:47 INFO  StudentController:28 - Course added: NTE1011 to student:Hakkı
2023-12-20 13:38:47 INFO  StudentController:28 - Course added: NTE1012 to student:Hakkı
2023-12-20 13:38:47 INFO  StudentController:28 - Course added: NTE1013 to student:Hakkı
2023-12-20 13:38:47 INFO  StudentController:28 - Course added: NTE1014 to student:Hakkı
2023-12-20 13:38:47 INFO  StudentController:28 - Course added: NTE1015 to student:Hakkı
2023-12-20 13:38:47 INFO  StudentController:28 - Course added: NTE1016 to student:Hakkı
2023-12-20 13:38:47 INFO  StudentController:28 - Course added: OB2040 to student:Hakkı
2023-12-20 13:38:47 INFO  StudentController:28 - Course added: OB2041 to student:Hakkı
2023-12-20 13:38:47 INFO  StudentController:28 - Course added: OB3043 to student:Hakkı
2023-12-20 13:38:47 INFO  StudentController:28 - Course added: SOC3082 to student:Hakkı
2023-12-20 13:38:47 INFO  StudentController:28 - Course added: YDA1001 to student:Hakkı
2023-12-20 13:38:47 INFO  StudentController:28 - Course added: YDA1002 to student:Hakkı
2023-12-20 13:38:47 INFO  StudentController:28 - Course added: YDA1003 to student:Hakkı
2023-12-20 13:38:48 INFO  StudentController:28 - Course added: YDA2001 to student:Hakkı
2023-12-20 13:38:48 INFO  StudentController:28 - Course added: YDF1001 to student:Hakkı
2023-12-20 13:38:48 INFO  StudentController:28 - Course added: YDIS1001 to student:Hakkı
2023-12-20 13:38:48 INFO  StudentController:28 - Course added: YDIS1002 to student:Hakkı
2023-12-20 13:38:49 INFO  StudentMenu:74 - Course adding menu displayed
2023-12-20 13:38:49 INFO  StudentMenu:131 - Available courses displayed
2023-12-20 13:38:51 INFO  StudentMenu:116 - Selected courses displayed
2023-12-20 13:38:52 INFO  StudentMenu:156 - Approval request sent
2023-12-20 13:38:52 INFO  StudentController:108 - Approval request sent to advisor for student:Hakkı
2023-12-20 13:38:53 INFO  Menu:62 - Login menu displayed
2023-12-20 13:38:57 INFO  Menu:74 - User fatmacorut logged in successfully
2023-12-20 13:39:01 INFO  Menu:62 - Login menu displayed
2023-12-20 13:39:09 INFO  Menu:74 - User fatmacorut logged in successfully
2023-12-20 13:39:25 INFO  Menu:62 - Login menu displayed
2023-12-20 13:41:27 INFO  Menu:62 - Login menu displayed
2023-12-20 13:41:31 INFO  Menu:74 - User hakki logged in successfully
2023-12-20 13:41:31 INFO  StudentMenu:28 - Student menu displayed
2023-12-20 13:41:32 INFO  StudentMenu:74 - Course adding menu displayed
2023-12-20 13:41:32 INFO  StudentMenu:131 - Available courses displayed
2023-12-20 13:41:33 INFO  StudentController:28 - Course added: CSE2023 to student:Hakkı
2023-12-20 13:41:33 INFO  StudentController:28 - Course added: CSE2225 to student:Hakkı
2023-12-20 13:41:34 INFO  StudentController:28 - Course added: ECON2004 to student:Hakkı
2023-12-20 13:41:34 INFO  StudentController:28 - Course added: MATH2055 to student:Hakkı
2023-12-20 13:41:34 INFO  StudentController:28 - Course added: MATH2059 to student:Hakkı
2023-12-20 13:41:34 INFO  StudentController:28 - Course added: CSE2138 to student:Hakkı
2023-12-20 13:41:34 INFO  StudentController:28 - Course added: CSE2260 to student:Hakkı
2023-12-20 13:41:34 INFO  StudentController:28 - Course added: STAT2253 to student:Hakkı
2023-12-20 13:41:34 INFO  StudentController:28 - Course added: CSE3063 to student:Hakkı
2023-12-20 13:41:34 INFO  StudentController:28 - Course added: CSE3215 to student:Hakkı
2023-12-20 13:41:34 INFO  StudentController:28 - Course added: BUS1003 to student:Hakkı
2023-12-20 13:41:34 INFO  StudentController:28 - Course added: BUS1003 to student:Hakkı
2023-12-20 13:41:34 INFO  StudentController:28 - Course added: BUS1004 to student:Hakkı
2023-12-20 13:41:35 INFO  StudentController:28 - Course added: BUS2005 to student:Hakkı
2023-12-20 13:41:35 INFO  StudentController:28 - Course added: BUS2005 to student:Hakkı
2023-12-20 13:41:35 INFO  StudentController:28 - Course added: CAS1001 to student:Hakkı
2023-12-20 13:41:35 INFO  StudentController:28 - Course added: CAS1010 to student:Hakkı
2023-12-20 13:41:35 INFO  StudentController:28 - Course added: CAS1061 to student:Hakkı
2023-12-20 13:41:35 INFO  StudentController:28 - Course added: CAS2001 to student:Hakkı
2023-12-20 13:41:35 INFO  StudentController:28 - Course added: CAS2001 to student:Hakkı
2023-12-20 13:41:35 INFO  StudentController:28 - Course added: CAS2002 to student:Hakkı
2023-12-20 13:41:35 INFO  StudentController:28 - Course added: CAS2003 to student:Hakkı
2023-12-20 13:41:35 INFO  StudentController:28 - Course added: CAS2004 to student:Hakkı
2023-12-20 13:41:35 INFO  StudentController:28 - Course added: CAS2005 to student:Hakkı
2023-12-20 13:41:36 INFO  StudentController:28 - Course added: CAS3001 to student:Hakkı
2023-12-20 13:41:36 INFO  StudentController:28 - Course added: CAS3044 to student:Hakkı
2023-12-20 13:41:36 INFO  StudentController:28 - Course added: COMM2060 to student:Hakkı
2023-12-20 13:41:36 INFO  StudentController:28 - Course added: FNCE3003 to student:Hakkı
2023-12-20 13:41:36 INFO  StudentController:28 - Course added: HR1013 to student:Hakkı
2023-12-20 13:41:36 INFO  StudentController:28 - Course added: HR4001 to student:Hakkı
2023-12-20 13:41:36 INFO  StudentController:28 - Course added: HSS3002 to student:Hakkı
2023-12-20 13:41:36 INFO  StudentController:28 - Course added: IKT1054 to student:Hakkı
2023-12-20 13:41:36 INFO  StudentController:28 - Course added: INF1001 to student:Hakkı
2023-12-20 13:41:36 INFO  StudentController:28 - Course added: LAW2004 to student:Hakkı
2023-12-20 13:41:36 INFO  StudentController:28 - Course added: MAN1001 to student:Hakkı
2023-12-20 13:41:36 INFO  StudentController:28 - Course added: MGT1021 to student:Hakkı
2023-12-20 13:41:36 INFO  StudentController:28 - Course added: MGT3082 to student:Hakkı
2023-12-20 13:41:37 INFO  StudentController:28 - Course added: MRK3082 to student:Hakkı
2023-12-20 13:41:37 INFO  StudentController:28 - Course added: MRK3084 to student:Hakkı
2023-12-20 13:41:37 INFO  StudentController:28 - Course added: NTE1002 to student:Hakkı
2023-12-20 13:41:37 INFO  StudentController:28 - Course added: NTE1003 to student:Hakkı
2023-12-20 13:41:37 INFO  StudentController:28 - Course added: NTE1004 to student:Hakkı
2023-12-20 13:41:37 INFO  StudentController:28 - Course added: NTE1006 to student:Hakkı
2023-12-20 13:41:37 INFO  StudentController:28 - Course added: NTE1008 to student:Hakkı
2023-12-20 13:41:37 INFO  StudentController:28 - Course added: NTE1010 to student:Hakkı
2023-12-20 13:41:37 INFO  StudentController:28 - Course added: NTE1011 to student:Hakkı
2023-12-20 13:41:37 INFO  StudentController:28 - Course added: NTE1012 to student:Hakkı
2023-12-20 13:41:37 INFO  StudentController:28 - Course added: NTE1013 to student:Hakkı
2023-12-20 13:41:37 INFO  StudentController:28 - Course added: NTE1014 to student:Hakkı
2023-12-20 13:41:37 INFO  StudentController:28 - Course added: NTE1015 to student:Hakkı
2023-12-20 13:41:38 INFO  StudentController:28 - Course added: NTE1016 to student:Hakkı
2023-12-20 13:41:38 INFO  StudentController:28 - Course added: OB2040 to student:Hakkı
2023-12-20 13:41:38 INFO  StudentController:28 - Course added: OB2041 to student:Hakkı
2023-12-20 13:41:38 INFO  StudentController:28 - Course added: OB3043 to student:Hakkı
2023-12-20 13:41:38 INFO  StudentController:28 - Course added: SOC3082 to student:Hakkı
2023-12-20 13:41:38 INFO  StudentController:28 - Course added: YDA1001 to student:Hakkı
2023-12-20 13:41:38 INFO  StudentController:28 - Course added: YDA1002 to student:Hakkı
2023-12-20 13:41:38 INFO  StudentController:28 - Course added: YDA1003 to student:Hakkı
2023-12-20 13:41:38 INFO  StudentController:28 - Course added: YDA2001 to student:Hakkı
2023-12-20 13:41:38 INFO  StudentController:28 - Course added: YDF1001 to student:Hakkı
2023-12-20 13:41:38 INFO  StudentController:28 - Course added: YDI1004 to student:Hakkı
2023-12-20 13:41:38 INFO  StudentController:28 - Course added: YDIS1001 to student:Hakkı
2023-12-20 13:41:38 INFO  StudentController:28 - Course added: YDIS1002 to student:Hakkı
2023-12-20 13:41:40 INFO  StudentMenu:74 - Course adding menu displayed
2023-12-20 13:41:40 INFO  StudentMenu:131 - Available courses displayed
2023-12-20 13:41:41 INFO  StudentMenu:116 - Selected courses displayed
2023-12-20 13:41:42 INFO  StudentMenu:156 - Approval request sent
2023-12-20 13:41:42 INFO  StudentController:108 - Approval request sent to advisor for student:Hakkı
2023-12-20 13:41:44 INFO  Menu:62 - Login menu displayed
2023-12-20 13:41:49 INFO  Menu:74 - User fatmacorut logged in successfully
2023-12-20 13:42:20 INFO  Menu:62 - Login menu displayed
2023-12-20 13:42:50 INFO  Menu:74 - User fatmacorut logged in successfully
2023-12-20 13:46:31 INFO  Menu:62 - Login menu displayed
2023-12-20 13:46:36 INFO  Menu:74 - User fatmacorut logged in successfully
2023-12-20 13:47:36 INFO  Menu:62 - Login menu displayed
2023-12-20 13:47:40 INFO  Menu:74 - User fatmacorut logged in successfully
2023-12-20 13:47:43 INFO  Menu:62 - Login menu displayed
2023-12-20 13:48:18 INFO  Menu:62 - Login menu displayed
2023-12-20 13:48:25 WARN  Menu:77 - User fatmacorut failed to log in with username fatmacorut and password fatmccorutergin
2023-12-20 13:48:25 INFO  Menu:62 - Login menu displayed
2023-12-20 13:48:30 INFO  Menu:74 - User fatmacorut logged in successfully
2023-12-20 13:48:33 INFO  Menu:62 - Login menu displayed
2023-12-20 13:49:10 INFO  Menu:62 - Login menu displayed
2023-12-20 13:49:13 INFO  Menu:74 - User fatmacorut logged in successfully
2023-12-20 13:49:28 INFO  Menu:62 - Login menu displayed
2023-12-20 13:49:36 INFO  Menu:74 - User fatmacorut logged in successfully
2023-12-20 13:49:38 INFO  Menu:62 - Login menu displayed
2023-12-20 13:52:11 INFO  Menu:62 - Login menu displayed
2023-12-20 13:52:15 INFO  Menu:74 - User fatmacorut logged in successfully
2023-12-20 13:52:20 INFO  Menu:62 - Login menu displayed
2023-12-20 13:53:08 INFO  Menu:62 - Login menu displayed
2023-12-20 13:53:13 INFO  Menu:74 - User fatmacorut logged in successfully
2023-12-20 13:53:26 INFO  Menu:62 - Login menu displayed
2023-12-20 14:05:15 INFO  Menu:62 - Login menu displayed
2023-12-20 14:05:19 INFO  Menu:74 - User fatmacorut logged in successfully
2023-12-20 14:05:25 INFO  Menu:62 - Login menu displayed
2023-12-20 14:06:36 INFO  Menu:62 - Login menu displayed
2023-12-20 14:06:40 INFO  Menu:74 - User fatmacorut logged in successfully
2023-12-20 14:06:44 INFO  Menu:62 - Login menu displayed
2023-12-20 14:07:49 WARN  Menu:77 - User fatmacorut failed to log in with username fatmacorut and password fatmacorut
2023-12-20 14:07:49 INFO  Menu:62 - Login menu displayed
2023-12-20 14:07:54 INFO  Menu:74 - User fatmacorut logged in successfully
2023-12-20 14:08:28 INFO  Menu:62 - Login menu displayed
2023-12-20 14:08:31 INFO  Menu:74 - User efe logged in successfully
2023-12-20 14:08:31 INFO  StudentMenu:28 - Student menu displayed
2023-12-20 14:08:32 INFO  StudentMenu:74 - Course adding menu displayed
2023-12-20 14:08:32 INFO  StudentMenu:131 - Available courses displayed
2023-12-20 14:08:34 INFO  StudentMenu:116 - Selected courses displayed
2023-12-20 14:08:36 INFO  StudentMenu:156 - Approval request sent
2023-12-20 14:08:36 INFO  StudentController:108 - Approval request sent to advisor for student:Efe
2023-12-20 14:08:37 INFO  Menu:62 - Login menu displayed
2023-12-20 14:08:42 INFO  Menu:74 - User fatmacorut logged in successfully
2023-12-20 14:16:02 INFO  Menu:62 - Login menu displayed
2023-12-20 14:16:10 INFO  Menu:74 - User fatmacorut logged in successfully
2023-12-20 14:16:26 INFO  Menu:62 - Login menu displayed
2023-12-20 14:30:44 INFO  Menu:62 - Login menu displayed
2023-12-20 14:30:52 INFO  Menu:74 - User fatmacorut logged in successfully
2023-12-20 14:30:59 INFO  Menu:62 - Login menu displayed
2023-12-20 14:33:29 INFO  Menu:62 - Login menu displayed
2023-12-20 14:33:34 INFO  Menu:74 - User fatmacorut logged in successfully
2023-12-20 14:33:41 INFO  Menu:62 - Login menu displayed
2023-12-20 14:34:44 INFO  Menu:62 - Login menu displayed
2023-12-20 14:34:50 INFO  Menu:74 - User fatmacorut logged in successfully
2023-12-20 14:34:52 INFO  Menu:62 - Login menu displayed
2023-12-20 14:35:21 WARN  Menu:77 - User fatmacorut failed to log in with username fatmacorut and password fatmacoruterign
2023-12-20 14:35:21 INFO  Menu:62 - Login menu displayed
2023-12-20 14:35:26 INFO  Menu:74 - User fatmacorut logged in successfully
2023-12-20 14:43:25 INFO  Menu:62 - Login menu displayed
2023-12-20 14:43:30 INFO  Menu:74 - User fatmacorut logged in successfully
2023-12-20 14:43:33 INFO  Menu:62 - Login menu displayed
2023-12-20 14:48:05 INFO  Menu:62 - Login menu displayed
2023-12-20 14:48:09 INFO  Menu:74 - User fatmacorut logged in successfully
2023-12-20 14:48:56 INFO  Menu:62 - Login menu displayed
2023-12-20 14:49:00 INFO  Menu:74 - User fatmacorut logged in successfully
2023-12-20 14:49:48 INFO  Menu:62 - Login menu displayed
2023-12-20 14:49:53 INFO  Menu:74 - User fatmacorut logged in successfully
2023-12-20 14:50:34 INFO  Menu:62 - Login menu displayed
2023-12-20 14:50:41 INFO  Menu:74 - User fatmacorut logged in successfully
2023-12-20 14:51:43 INFO  Menu:62 - Login menu displayed
2023-12-20 14:51:47 INFO  Menu:74 - User fatmacorut logged in successfully
